#
# A fatal error has been detected by the Java Runtime Environment:
#
#  SIGSEGV (0xb) at pc=0x00007fff93f241e0, pid=2758, tid=2571
#
# JRE version: Java(TM) SE Runtime Environment (8.0_71-b15) (build 1.8.0_71-b15)
# Java VM: Java HotSpot(TM) 64-Bit Server VM (25.71-b15 mixed mode bsd-amd64 compressed oops)
# Problematic frame:
# C  [libsystem_c.dylib+0x11e0]  strncpy+0x40
#
# Failed to write core dump. Core dumps have been disabled. To enable core dumping, try "ulimit -c unlimited" before starting Java again
#
# If you would like to submit a bug report, please visit:
#   http://bugreport.java.com/bugreport/crash.jsp
#

---------------  T H R E A D  ---------------

Current thread is native thread

siginfo: si_signo: 11 (SIGSEGV), si_code: 1 (SEGV_MAPERR), si_addr: 0x0000000000000000

Registers:
RAX=0x0000000000000000, RBX=0x0000700000218210, RCX=0x0000000000000004, RDX=0x00000000000000ff
RSP=0x00007fff57993688, RBP=0x00007fff579936a0, RSI=0x0000000000000000, RDI=0x000070000021827c
R8 =0x000070000021827c, R9 =0x0000000000000000, R10=0x00007fff9881f601, R11=0x00007fff93f241a0
R12=0x00000000000020ff, R13=0x0000700000218150, R14=0x0000000126f38b82, R15=0x0000000000000000
RIP=0x00007fff93f241e0, EFLAGS=0x0000000000010202, ERR=0x0000000000000004
  TRAPNO=0x000000000000000e

Top of Stack: (sp=0x00007fff57993688)
0x00007fff57993688:   0000000126f2c397 0000000000000000
0x00007fff57993698:   00007fff71b55a40 00007fff579936c0
0x00007fff579936a8:   00007fff8418d33f 0000000000000000
0x00007fff579936b8:   0000000000000000 00007fff57993700
0x00007fff579936c8:   00007fff8419febf 0000000000005603
0x00007fff579936d8:   0000000000000000 00007fff57993760
0x00007fff579936e8:   0000700000218110 0000000000000000
0x00007fff579936f8:   00007fff71b55a40 00007fff57993720
0x00007fff57993708:   00007fff8418d33f 000000000000000a
0x00007fff57993718:   0000000000000000 00007fff579937d0
0x00007fff57993728:   00007fff841a0c1d 0000000000000000
0x00007fff57993738:   00007fff71b55a40 00000000000020ff
0x00007fff57993748:   0000000000000000 00007fff57993760
0x00007fff57993758:   00007fff9563f539 0000000000000000
0x00007fff57993768:   0000000000000000 0000000000000000
0x00007fff57993778:   0000000000000000 0000000000000000
0x00007fff57993788:   0000000000000000 0000000000000000
0x00007fff57993798:   0000000000000000 00007fff57993888
0x00007fff579937a8:   0000000000001403 00007fff57993890
0x00007fff579937b8:   00007fa910f00150 00007fa910f002b0
0x00007fff579937c8:   00007fa911805038 00007fff579937e0
0x00007fff579937d8:   00007fff85deccd9 00007fff579944c0
0x00007fff579937e8:   00007fff85da7d3d 0000000000000000
0x00007fff579937f8:   00007fff71f2d440 00007fa910f004d0
0x00007fff57993808:   0000000000000000 00007fa910f00140
0x00007fff57993818:   00007fa910f004e0 00000000579939f8
0x00007fff57993828:   0000140300000000 00007fa910f00150
0x00007fff57993838:   00007fa910f002c0 41bc7a3620ff63b2
0x00007fff57993848:   0000000000000000 0000023100000000
0x00007fff57993858:   4415af1d78b58c00 0000100357993a38
0x00007fff57993868:   00007fff57993a28 0000140357993c60
0x00007fff57993878:   00007fff57993890 0000000000000000 

Instructions: (pc=0x00007fff93f241e0)
0x00007fff93f241c0:   ca c1 e9 04 75 4a b9 10 00 00 00 48 83 fa 1f 77
0x00007fff93f241d0:   0f 89 d1 85 d2 75 09 e9 b0 00 00 00 0f 1f 40 00
0x00007fff93f241e0:   0f b6 06 48 83 c6 01 48 83 ea 01 88 07 48 83 c7
0x00007fff93f241f0:   01 85 c0 0f 84 83 00 00 00 48 83 e9 01 75 e1 48 

Register to memory mapping:

RAX=0x0000000000000000 is an unknown value
RBX=0x0000700000218210 is pointing into the stack for thread: 0x00007fa914002000
RCX=0x0000000000000004 is an unknown value
RDX=0x00000000000000ff is an unknown value
RSP=0x00007fff57993688 is an unknown value
RBP=0x00007fff579936a0 is an unknown value
RSI=0x0000000000000000 is an unknown value
RDI=0x000070000021827c is pointing into the stack for thread: 0x00007fa914002000
R8 =0x000070000021827c is pointing into the stack for thread: 0x00007fa914002000
R9 =0x0000000000000000 is an unknown value
R10=0x00007fff9881f601: CocoaVersionNumber+0xb532609 in /System/Library/Frameworks/Cocoa.framework/Versions/A/Cocoa at 0x00007fff8d2ec000
R11=0x00007fff93f241a0: strncpy+0 in /usr/lib/system/libsystem_c.dylib at 0x00007fff93f23000
R12=0x00000000000020ff is an unknown value
R13=0x0000700000218150 is pointing into the stack for thread: 0x00007fa914002000
R14=0x0000000126f38b82: GCC_except_table25+0x606 in /private/var/folders/fq/9jgs2z1x7lg622dvf3rjvz3h0000gn/T/bluecove_fscozzafava_0/libbluecove.jnilib at 0x0000000126f28000
R15=0x0000000000000000 is an unknown value


Stack: [0x00007fff57196000,0x00007fff57996000],  sp=0x00007fff57993688,  free space=8181k
Native frames: (J=compiled Java code, j=interpreted, Vv=VM code, C=native code)
C  [libsystem_c.dylib+0x11e0]  strncpy+0x40
C  [libdispatch.dylib+0x233f]  _dispatch_client_callout+0x8
C  [libdispatch.dylib+0x14ebf]  _dispatch_barrier_sync_f_slow_invoke+0x20b
C  [libdispatch.dylib+0x233f]  _dispatch_client_callout+0x8
C  [libdispatch.dylib+0x15c1d]  _dispatch_main_queue_callback_4CF+0x695
C  [CoreFoundation+0xb4cd9]  __CFRUNLOOP_IS_SERVICING_THE_MAIN_DISPATCH_QUEUE__+0x9
C  [CoreFoundation+0x6fd3d]  __CFRunLoopRun+0x79d
C  [CoreFoundation+0x6f338]  CFRunLoopRunSpecific+0x128
C  [java+0x6463]  CreateExecutionEnvironment+0x367
C  [java+0x21ac]  JLI_Launch+0x7a0
C  [java+0x84c0]  main+0x65
C  [java+0x1a04]  start+0x34


---------------  P R O C E S S  ---------------

VM state:not at safepoint (normal execution)

VM Mutex/Monitor currently owned by a thread: None

Heap:
 PSYoungGen      total 76288K, used 5243K [0x000000076ab00000, 0x0000000770000000, 0x00000007c0000000)
  eden space 65536K, 8% used [0x000000076ab00000,0x000000076b01ec58,0x000000076eb00000)
  from space 10752K, 0% used [0x000000076f580000,0x000000076f580000,0x0000000770000000)
  to   space 10752K, 0% used [0x000000076eb00000,0x000000076eb00000,0x000000076f580000)
 ParOldGen       total 175104K, used 0K [0x00000006c0000000, 0x00000006cab00000, 0x000000076ab00000)
  object space 175104K, 0% used [0x00000006c0000000,0x00000006c0000000,0x00000006cab00000)
 Metaspace       used 3766K, capacity 4806K, committed 5120K, reserved 1056768K
  class space    used 414K, capacity 450K, committed 512K, reserved 1048576K

Card table byte_map: [0x000000011994f000,0x000000011a150000] byte_map_base: 0x000000011634f000

Marking Bits: (ParMarkBitMap*) 0x0000000109ee3ea0
 Begin Bits: [0x000000011a6a6000, 0x000000011e6a6000)
 End Bits:   [0x000000011e6a6000, 0x00000001226a6000)

Polling page: 0x000000010852d000

CodeCache: size=245760Kb used=1360Kb max_used=1360Kb free=244399Kb
 bounds [0x000000010a58f000, 0x000000010a7ff000, 0x000000011958f000]
 total_blobs=387 nmethods=139 adapters=162
 compilation: enabled

Compilation events (10 events):
Event: 0.103 Thread 0x00007fa912001800  134       3       java.lang.String::getBytes (27 bytes)
Event: 0.103 Thread 0x00007fa912001800 nmethod 134 0x000000010a6ddfd0 code [0x000000010a6de160, 0x000000010a6de3f8]
Event: 0.103 Thread 0x00007fa912001800  135   !   3       java.lang.StringCoding::encode (120 bytes)
Event: 0.104 Thread 0x00007fa912001800 nmethod 135 0x000000010a6de510 code [0x000000010a6de860, 0x000000010a6e0138]
Event: 0.104 Thread 0x00007fa912001800  136   !   3       sun.misc.URLClassPath$JarLoader::getResource (85 bytes)
Event: 0.105 Thread 0x00007fa912001800 nmethod 136 0x000000010a6e1050 code [0x000000010a6e12a0, 0x000000010a6e2038]
Event: 0.105 Thread 0x00007fa912001800  138  s    3       sun.misc.PerfCounter::add (18 bytes)
Event: 0.105 Thread 0x00007fa912001800 nmethod 138 0x000000010a6e2ad0 code [0x000000010a6e2c60, 0x000000010a6e32d8]
Event: 0.105 Thread 0x00007fa912001800  139  s    3       sun.misc.PerfCounter::get (9 bytes)
Event: 0.105 Thread 0x00007fa912001800 nmethod 139 0x000000010a6e3510 code [0x000000010a6e3680, 0x000000010a6e3a08]

GC Heap History (0 events):
No events

Deoptimization events (0 events):
No events

Internal exceptions (10 events):
Event: 0.063 Thread 0x00007fa914002000 Exception <a 'java/security/PrivilegedActionException'> (0x000000076aba7780) thrown at [/Users/java_re/workspace/8-2-build-macosx-x86_64/jdk8u71/5731/hotspot/src/share/vm/prims/jvm.cpp, line 1386]
Event: 0.064 Thread 0x00007fa914002000 Exception <a 'java/util/zip/ZipException'> (0x000000076abb8f58) thrown at [/Users/java_re/workspace/8-2-build-macosx-x86_64/jdk8u71/5731/hotspot/src/share/vm/prims/jni.cpp, line 709]
Event: 0.064 Thread 0x00007fa914002000 Exception <a 'java/security/PrivilegedActionException'> (0x000000076abb9160) thrown at [/Users/java_re/workspace/8-2-build-macosx-x86_64/jdk8u71/5731/hotspot/src/share/vm/prims/jvm.cpp, line 1386]
Event: 0.064 Thread 0x00007fa914002000 Exception <a 'java/security/PrivilegedActionException'> (0x000000076abb9370) thrown at [/Users/java_re/workspace/8-2-build-macosx-x86_64/jdk8u71/5731/hotspot/src/share/vm/prims/jvm.cpp, line 1386]
Event: 0.093 Thread 0x00007fa914002000 Exception <a 'java/security/PrivilegedActionException'> (0x000000076af63678) thrown at [/Users/java_re/workspace/8-2-build-macosx-x86_64/jdk8u71/5731/hotspot/src/share/vm/prims/jvm.cpp, line 1386]
Event: 0.093 Thread 0x00007fa914002000 Exception <a 'java/security/PrivilegedActionException'> (0x000000076af63888) thrown at [/Users/java_re/workspace/8-2-build-macosx-x86_64/jdk8u71/5731/hotspot/src/share/vm/prims/jvm.cpp, line 1386]
Event: 0.093 Thread 0x00007fa914002000 Exception <a 'java/security/PrivilegedActionException'> (0x000000076af66b28) thrown at [/Users/java_re/workspace/8-2-build-macosx-x86_64/jdk8u71/5731/hotspot/src/share/vm/prims/jvm.cpp, line 1386]
Event: 0.093 Thread 0x00007fa914002000 Exception <a 'java/security/PrivilegedActionException'> (0x000000076af66d38) thrown at [/Users/java_re/workspace/8-2-build-macosx-x86_64/jdk8u71/5731/hotspot/src/share/vm/prims/jvm.cpp, line 1386]
Event: 0.094 Thread 0x00007fa914002000 Exception <a 'java/lang/NoClassDefFoundError': org/apache/log4j/Category> (0x000000076af762e8) thrown at [/Users/java_re/workspace/8-2-build-macosx-x86_64/jdk8u71/5731/hotspot/src/share/vm/classfile/systemDictionary.cpp, line 199]
Event: 0.098 Thread 0x00007fa914002000 Exception <a 'java/lang/UnsatisfiedLinkError': com.intel.bluetooth.BluetoothStackOSX.isNativeCodeLoaded()Z> (0x000000076afc0198) thrown at [/Users/java_re/workspace/8-2-build-macosx-x86_64/jdk8u71/5731/hotspot/src/share/vm/prims/nativeLookup.cpp, line 378

Events (10 events):
Event: 0.100 loading class java/io/DeleteOnExitHook done
Event: 0.100 loading class java/util/LinkedHashSet
Event: 0.100 loading class java/util/LinkedHashSet done
Event: 0.100 loading class java/io/DeleteOnExitHook$1
Event: 0.100 loading class java/io/DeleteOnExitHook$1 done
Event: 0.104 Thread 0x00007fa914130000 Thread added: 0x00007fa914130000
Event: 0.104 loading class com/intel/bluetooth/BlueCoveImpl$BluetoothStackHolder
Event: 0.104 loading class com/intel/bluetooth/BlueCoveImpl$BluetoothStackHolder done
Event: 0.105 loading class javax/bluetooth/DiscoveryAgent
Event: 0.105 loading class javax/bluetooth/DiscoveryAgent done


Dynamic libraries:
0x00000000016d7000 	/System/Library/Frameworks/Cocoa.framework/Versions/A/Cocoa
0x00000000016d7000 	/System/Library/Frameworks/Security.framework/Versions/A/Security
0x00000000016d7000 	/System/Library/Frameworks/ApplicationServices.framework/Versions/A/ApplicationServices
0x00000000016d7000 	/usr/lib/libz.1.dylib
0x00000000016d7000 	/usr/lib/libSystem.B.dylib
0x00000000016d7000 	/usr/lib/libobjc.A.dylib
0x00000000016d7000 	/System/Library/Frameworks/CoreFoundation.framework/Versions/A/CoreFoundation
0x00000000016d7000 	/System/Library/Frameworks/Foundation.framework/Versions/C/Foundation
0x00000000016d7000 	/System/Library/Frameworks/AppKit.framework/Versions/C/AppKit
0x00000000016d7000 	/System/Library/Frameworks/CoreData.framework/Versions/A/CoreData
0x00000000016d7000 	/System/Library/PrivateFrameworks/RemoteViewServices.framework/Versions/A/RemoteViewServices
0x00000000016d7000 	/System/Library/PrivateFrameworks/UIFoundation.framework/Versions/A/UIFoundation
0x00000000016d7000 	/usr/lib/libScreenReader.dylib
0x00000000016d7000 	/System/Library/Frameworks/Accelerate.framework/Versions/A/Accelerate
0x00000000016d7000 	/System/Library/Frameworks/IOSurface.framework/Versions/A/IOSurface
0x00000000016d7000 	/System/Library/Frameworks/AudioToolbox.framework/Versions/A/AudioToolbox
0x00000000016d7000 	/System/Library/Frameworks/AudioUnit.framework/Versions/A/AudioUnit
0x00000000016d7000 	/System/Library/PrivateFrameworks/DataDetectorsCore.framework/Versions/A/DataDetectorsCore
0x00000000016d7000 	/System/Library/PrivateFrameworks/DesktopServicesPriv.framework/Versions/A/DesktopServicesPriv
0x00000000016d7000 	/System/Library/Frameworks/Carbon.framework/Versions/A/Frameworks/HIToolbox.framework/Versions/A/HIToolbox
0x00000000016d7000 	/System/Library/Frameworks/QuartzCore.framework/Versions/A/QuartzCore
0x00000000016d7000 	/System/Library/Frameworks/Carbon.framework/Versions/A/Frameworks/SpeechRecognition.framework/Versions/A/SpeechRecognition
0x00000000016d7000 	/usr/lib/libauto.dylib
0x00000000016d7000 	/usr/lib/libicucore.A.dylib
0x00000000016d7000 	/usr/lib/libxml2.2.dylib
0x00000000016d7000 	/System/Library/PrivateFrameworks/CoreUI.framework/Versions/A/CoreUI
0x00000000016d7000 	/System/Library/Frameworks/CoreAudio.framework/Versions/A/CoreAudio
0x00000000016d7000 	/System/Library/Frameworks/DiskArbitration.framework/Versions/A/DiskArbitration
0x00000000016d7000 	/usr/lib/liblangid.dylib
0x00000000016d7000 	/System/Library/PrivateFrameworks/MultitouchSupport.framework/Versions/A/MultitouchSupport
0x00000000016d7000 	/System/Library/Frameworks/IOKit.framework/Versions/A/IOKit
0x00000000016d7000 	/usr/lib/libDiagnosticMessagesClient.dylib
0x00000000016d7000 	/System/Library/Frameworks/CoreServices.framework/Versions/A/CoreServices
0x00000000016d7000 	/System/Library/PrivateFrameworks/PerformanceAnalysis.framework/Versions/A/PerformanceAnalysis
0x00000000016d7000 	/System/Library/PrivateFrameworks/GenerationalStorage.framework/Versions/A/GenerationalStorage
0x00000000016d7000 	/System/Library/Frameworks/OpenGL.framework/Versions/A/OpenGL
0x00000000016d7000 	/System/Library/PrivateFrameworks/Sharing.framework/Versions/A/Sharing
0x00000000016d7000 	/System/Library/Frameworks/CoreGraphics.framework/Versions/A/CoreGraphics
0x00000000016d7000 	/System/Library/Frameworks/CoreImage.framework/Versions/A/CoreImage
0x00000000016d7000 	/System/Library/Frameworks/CoreText.framework/Versions/A/CoreText
0x00000000016d7000 	/System/Library/Frameworks/ImageIO.framework/Versions/A/ImageIO
0x00000000016d7000 	/System/Library/PrivateFrameworks/Backup.framework/Versions/A/Backup
0x00000000016d7000 	/usr/lib/libextension.dylib
0x00000000016d7000 	/usr/lib/libarchive.2.dylib
0x00000000016d7000 	/System/Library/Frameworks/CFNetwork.framework/Versions/A/CFNetwork
0x00000000016d7000 	/System/Library/Frameworks/SystemConfiguration.framework/Versions/A/SystemConfiguration
0x00000000016d7000 	/usr/lib/libCRFSuite.dylib
0x00000000016d7000 	/usr/lib/libc++.1.dylib
0x00000000016d7000 	/usr/lib/libc++abi.dylib
0x00000000016d7000 	/usr/lib/system/libcache.dylib
0x00000000016d7000 	/usr/lib/system/libcommonCrypto.dylib
0x00000000016d7000 	/usr/lib/system/libcompiler_rt.dylib
0x00000000016d7000 	/usr/lib/system/libcopyfile.dylib
0x00000000016d7000 	/usr/lib/system/libcorecrypto.dylib
0x00000000016d7000 	/usr/lib/system/libdispatch.dylib
0x00000000016d7000 	/usr/lib/system/libdyld.dylib
0x00000000016d7000 	/usr/lib/system/libkeymgr.dylib
0x00000000016d7000 	/usr/lib/system/liblaunch.dylib
0x00000000016d7000 	/usr/lib/system/libmacho.dylib
0x00000000016d7000 	/usr/lib/system/libquarantine.dylib
0x00000000016d7000 	/usr/lib/system/libremovefile.dylib
0x00000000016d7000 	/usr/lib/system/libsystem_asl.dylib
0x00000000016d7000 	/usr/lib/system/libsystem_blocks.dylib
0x00000000016d7000 	/usr/lib/system/libsystem_c.dylib
0x00000000016d7000 	/usr/lib/system/libsystem_configuration.dylib
0x00000000016d7000 	/usr/lib/system/libsystem_coreservices.dylib
0x00000000016d7000 	/usr/lib/system/libsystem_coretls.dylib
0x00000000016d7000 	/usr/lib/system/libsystem_dnssd.dylib
0x00000000016d7000 	/usr/lib/system/libsystem_info.dylib
0x00000000016d7000 	/usr/lib/system/libsystem_kernel.dylib
0x00000000016d7000 	/usr/lib/system/libsystem_m.dylib
0x00000000016d7000 	/usr/lib/system/libsystem_malloc.dylib
0x00000000016d7000 	/usr/lib/system/libsystem_network.dylib
0x00000000016d7000 	/usr/lib/system/libsystem_networkextension.dylib
0x00000000016d7000 	/usr/lib/system/libsystem_notify.dylib
0x00000000016d7000 	/usr/lib/system/libsystem_platform.dylib
0x00000000016d7000 	/usr/lib/system/libsystem_pthread.dylib
0x00000000016d7000 	/usr/lib/system/libsystem_sandbox.dylib
0x00000000016d7000 	/usr/lib/system/libsystem_secinit.dylib
0x00000000016d7000 	/usr/lib/system/libsystem_trace.dylib
0x00000000016d7000 	/usr/lib/system/libunc.dylib
0x00000000016d7000 	/usr/lib/system/libunwind.dylib
0x00000000016d7000 	/usr/lib/system/libxpc.dylib
0x00000000016d7000 	/usr/lib/libenergytrace.dylib
0x00000000016d7000 	/usr/lib/libbsm.0.dylib
0x00000000016d7000 	/usr/lib/system/libkxld.dylib
0x00000000016d7000 	/usr/lib/libxar.1.dylib
0x00000000016d7000 	/usr/lib/libsqlite3.dylib
0x00000000016d7000 	/usr/lib/libpam.2.dylib
0x00000000016d7000 	/usr/lib/libOpenScriptingUtil.dylib
0x00000000016d7000 	/usr/lib/libbz2.1.0.dylib
0x00000000016d7000 	/usr/lib/liblzma.5.dylib
0x00000000016d7000 	/System/Library/Frameworks/CoreServices.framework/Versions/A/Frameworks/FSEvents.framework/Versions/A/FSEvents
0x00000000016d7000 	/System/Library/Frameworks/CoreServices.framework/Versions/A/Frameworks/CarbonCore.framework/Versions/A/CarbonCore
0x00000000016d7000 	/System/Library/Frameworks/CoreServices.framework/Versions/A/Frameworks/Metadata.framework/Versions/A/Metadata
0x00000000016d7000 	/System/Library/Frameworks/CoreServices.framework/Versions/A/Frameworks/OSServices.framework/Versions/A/OSServices
0x00000000016d7000 	/System/Library/Frameworks/CoreServices.framework/Versions/A/Frameworks/SearchKit.framework/Versions/A/SearchKit
0x00000000016d7000 	/System/Library/Frameworks/CoreServices.framework/Versions/A/Frameworks/AE.framework/Versions/A/AE
0x00000000016d7000 	/System/Library/Frameworks/CoreServices.framework/Versions/A/Frameworks/LaunchServices.framework/Versions/A/LaunchServices
0x00000000016d7000 	/System/Library/Frameworks/CoreServices.framework/Versions/A/Frameworks/DictionaryServices.framework/Versions/A/DictionaryServices
0x00000000016d7000 	/System/Library/Frameworks/CoreServices.framework/Versions/A/Frameworks/SharedFileList.framework/Versions/A/SharedFileList
0x00000000016d7000 	/System/Library/Frameworks/NetFS.framework/Versions/A/NetFS
0x00000000016d7000 	/System/Library/PrivateFrameworks/NetAuth.framework/Versions/A/NetAuth
0x00000000016d7000 	/System/Library/PrivateFrameworks/login.framework/Versions/A/Frameworks/loginsupport.framework/Versions/A/loginsupport
0x00000000016d7000 	/System/Library/PrivateFrameworks/TCC.framework/Versions/A/TCC
0x00000000016d7000 	/usr/lib/libmecabra.dylib
0x00000000016d7000 	/System/Library/Frameworks/ApplicationServices.framework/Versions/A/Frameworks/ATS.framework/Versions/A/ATS
0x00000000016d7000 	/System/Library/Frameworks/ApplicationServices.framework/Versions/A/Frameworks/ColorSync.framework/Versions/A/ColorSync
0x00000000016d7000 	/System/Library/Frameworks/ApplicationServices.framework/Versions/A/Frameworks/HIServices.framework/Versions/A/HIServices
0x00000000016d7000 	/System/Library/Frameworks/ApplicationServices.framework/Versions/A/Frameworks/LangAnalysis.framework/Versions/A/LangAnalysis
0x00000000016d7000 	/System/Library/Frameworks/ApplicationServices.framework/Versions/A/Frameworks/PrintCore.framework/Versions/A/PrintCore
0x00000000016d7000 	/System/Library/Frameworks/ApplicationServices.framework/Versions/A/Frameworks/QD.framework/Versions/A/QD
0x00000000016d7000 	/System/Library/Frameworks/ApplicationServices.framework/Versions/A/Frameworks/SpeechSynthesis.framework/Versions/A/SpeechSynthesis
0x00000000016d7000 	/System/Library/Frameworks/Metal.framework/Versions/A/Metal
0x00000000016d7000 	/System/Library/Frameworks/Accelerate.framework/Versions/A/Frameworks/vImage.framework/Versions/A/vImage
0x00000000016d7000 	/System/Library/Frameworks/Accelerate.framework/Versions/A/Frameworks/vecLib.framework/Versions/A/vecLib
0x00000000016d7000 	/System/Library/Frameworks/Accelerate.framework/Versions/A/Frameworks/vecLib.framework/Versions/A/libvDSP.dylib
0x00000000016d7000 	/System/Library/Frameworks/Accelerate.framework/Versions/A/Frameworks/vecLib.framework/Versions/A/libvMisc.dylib
0x00000000016d7000 	/System/Library/Frameworks/Accelerate.framework/Versions/A/Frameworks/vecLib.framework/Versions/A/libLAPACK.dylib
0x00000000016d7000 	/System/Library/Frameworks/Accelerate.framework/Versions/A/Frameworks/vecLib.framework/Versions/A/libBLAS.dylib
0x00000000016d7000 	/System/Library/Frameworks/Accelerate.framework/Versions/A/Frameworks/vecLib.framework/Versions/A/libLinearAlgebra.dylib
0x00000000016d7000 	/System/Library/Frameworks/Accelerate.framework/Versions/A/Frameworks/vecLib.framework/Versions/A/libSparseBLAS.dylib
0x00000000016d7000 	/System/Library/PrivateFrameworks/GPUCompiler.framework/libmetal_timestamp.dylib
0x00000000016d7000 	/System/Library/Frameworks/OpenGL.framework/Versions/A/Libraries/libCoreFSCache.dylib
0x00000000016d7000 	/System/Library/PrivateFrameworks/IOAccelerator.framework/Versions/A/IOAccelerator
0x00000000016d7000 	/System/Library/Frameworks/ApplicationServices.framework/Versions/A/Frameworks/ATS.framework/Versions/A/Resources/libFontParser.dylib
0x00000000016d7000 	/System/Library/Frameworks/ApplicationServices.framework/Versions/A/Frameworks/ATS.framework/Versions/A/Resources/libFontRegistry.dylib
0x00000000016d7000 	/System/Library/PrivateFrameworks/AppleVPA.framework/Versions/A/AppleVPA
0x00000000016d7000 	/System/Library/PrivateFrameworks/AppleJPEG.framework/Versions/A/AppleJPEG
0x00000000016d7000 	/System/Library/Frameworks/ImageIO.framework/Versions/A/Resources/libJPEG.dylib
0x00000000016d7000 	/System/Library/Frameworks/ImageIO.framework/Versions/A/Resources/libTIFF.dylib
0x00000000016d7000 	/System/Library/Frameworks/ImageIO.framework/Versions/A/Resources/libPng.dylib
0x00000000016d7000 	/System/Library/Frameworks/ImageIO.framework/Versions/A/Resources/libGIF.dylib
0x00000000016d7000 	/System/Library/Frameworks/ImageIO.framework/Versions/A/Resources/libJP2.dylib
0x00000000016d7000 	/System/Library/Frameworks/ImageIO.framework/Versions/A/Resources/libRadiance.dylib
0x00000000016d7000 	/System/Library/Frameworks/CoreVideo.framework/Versions/A/CoreVideo
0x00000000016d7000 	/System/Library/Frameworks/OpenGL.framework/Versions/A/Libraries/libGLU.dylib
0x00000000016d7000 	/System/Library/Frameworks/OpenGL.framework/Versions/A/Libraries/libGFXShared.dylib
0x00000000016d7000 	/System/Library/Frameworks/OpenGL.framework/Versions/A/Libraries/libGL.dylib
0x00000000016d7000 	/System/Library/Frameworks/OpenGL.framework/Versions/A/Libraries/libGLImage.dylib
0x00000000016d7000 	/System/Library/Frameworks/OpenGL.framework/Versions/A/Libraries/libCVMSPluginSupport.dylib
0x00000000016d7000 	/System/Library/Frameworks/OpenGL.framework/Versions/A/Libraries/libCoreVMClient.dylib
0x00000000016d7000 	/usr/lib/libcups.2.dylib
0x00000000016d7000 	/System/Library/Frameworks/Kerberos.framework/Versions/A/Kerberos
0x00000000016d7000 	/System/Library/Frameworks/GSS.framework/Versions/A/GSS
0x00000000016d7000 	/usr/lib/libresolv.9.dylib
0x00000000016d7000 	/usr/lib/libiconv.2.dylib
0x00000000016d7000 	/System/Library/PrivateFrameworks/Heimdal.framework/Versions/A/Heimdal
0x00000000016d7000 	/usr/lib/libheimdal-asn1.dylib
0x00000000016d7000 	/System/Library/Frameworks/OpenDirectory.framework/Versions/A/OpenDirectory
0x00000000016d7000 	/System/Library/PrivateFrameworks/CommonAuth.framework/Versions/A/CommonAuth
0x00000000016d7000 	/System/Library/Frameworks/OpenDirectory.framework/Versions/A/Frameworks/CFOpenDirectory.framework/Versions/A/CFOpenDirectory
0x00000000016d7000 	/System/Library/Frameworks/SecurityFoundation.framework/Versions/A/SecurityFoundation
0x00000000016d7000 	/System/Library/PrivateFrameworks/LanguageModeling.framework/Versions/A/LanguageModeling
0x00000000016d7000 	/usr/lib/libmarisa.dylib
0x00000000016d7000 	/usr/lib/libChineseTokenizer.dylib
0x00000000016d7000 	/usr/lib/libcmph.dylib
0x00000000016d7000 	/usr/lib/libcompression.dylib
0x00000000016d7000 	/System/Library/Frameworks/ServiceManagement.framework/Versions/A/ServiceManagement
0x00000000016d7000 	/usr/lib/libxslt.1.dylib
0x00000000016d7000 	/System/Library/Frameworks/Carbon.framework/Versions/A/Frameworks/Ink.framework/Versions/A/Ink
0x00000000016d7000 	/usr/lib/libFosl_dynamic.dylib
0x00000000016d7000 	/System/Library/PrivateFrameworks/FaceCore.framework/Versions/A/FaceCore
0x00000000016d7000 	/System/Library/Frameworks/OpenCL.framework/Versions/A/OpenCL
0x00000000016d7000 	/System/Library/PrivateFrameworks/CrashReporterSupport.framework/Versions/A/CrashReporterSupport
0x00000000016d7000 	/System/Library/PrivateFrameworks/IconServices.framework/Versions/A/IconServices
0x00000000016d7000 	/System/Library/PrivateFrameworks/Apple80211.framework/Versions/A/Apple80211
0x00000000016d7000 	/System/Library/Frameworks/CoreWLAN.framework/Versions/A/CoreWLAN
0x00000000016d7000 	/System/Library/Frameworks/IOBluetooth.framework/Versions/A/IOBluetooth
0x00000000016d7000 	/System/Library/PrivateFrameworks/CoreWiFi.framework/Versions/A/CoreWiFi
0x00000000016d7000 	/System/Library/Frameworks/CoreBluetooth.framework/Versions/A/CoreBluetooth
0x00000000016d7000 	/System/Library/PrivateFrameworks/ChunkingLibrary.framework/Versions/A/ChunkingLibrary
0x00000000016d7000 	/System/Library/PrivateFrameworks/DebugSymbols.framework/Versions/A/DebugSymbols
0x00000000016d7000 	/System/Library/PrivateFrameworks/CoreSymbolication.framework/Versions/A/CoreSymbolication
0x00000000016d7000 	/System/Library/PrivateFrameworks/Symbolication.framework/Versions/A/Symbolication
0x00000000016d7000 	/System/Library/PrivateFrameworks/SpeechRecognitionCore.framework/Versions/A/SpeechRecognitionCore
0x0000000109600000 	/Library/Java/JavaVirtualMachines/jdk1.8.0_71.jdk/Contents/Home/jre/lib/server/libjvm.dylib
0x00000000016d7000 	/usr/lib/libstdc++.6.dylib
0x00000001084ea000 	/Library/Java/JavaVirtualMachines/jdk1.8.0_71.jdk/Contents/Home/jre/lib/libverify.dylib
0x00000001084f8000 	/Library/Java/JavaVirtualMachines/jdk1.8.0_71.jdk/Contents/Home/jre/lib/libjava.dylib
0x0000000108537000 	/Library/Java/JavaVirtualMachines/jdk1.8.0_71.jdk/Contents/Home/jre/lib/libzip.dylib
0x000000012558c000 	/System/Library/Frameworks/JavaVM.framework/Frameworks/JavaRuntimeSupport.framework/JavaRuntimeSupport
0x00000001255a7000 	/System/Library/Frameworks/JavaVM.framework/Versions/A/Frameworks/JavaNativeFoundation.framework/Versions/A/JavaNativeFoundation
0x00000001255bc000 	/System/Library/Frameworks/JavaVM.framework/Versions/A/JavaVM
0x00000000016d7000 	/System/Library/Frameworks/Carbon.framework/Versions/A/Carbon
0x00000001255c9000 	/System/Library/PrivateFrameworks/JavaLaunching.framework/Versions/A/JavaLaunching
0x00000000016d7000 	/System/Library/Frameworks/Carbon.framework/Versions/A/Frameworks/CommonPanels.framework/Versions/A/CommonPanels
0x00000000016d7000 	/System/Library/Frameworks/Carbon.framework/Versions/A/Frameworks/Help.framework/Versions/A/Help
0x00000000016d7000 	/System/Library/Frameworks/Carbon.framework/Versions/A/Frameworks/ImageCapture.framework/Versions/A/ImageCapture
0x00000000016d7000 	/System/Library/Frameworks/Carbon.framework/Versions/A/Frameworks/OpenScripting.framework/Versions/A/OpenScripting
0x00000000016d7000 	/System/Library/Frameworks/Carbon.framework/Versions/A/Frameworks/Print.framework/Versions/A/Print
0x00000000016d7000 	/System/Library/Frameworks/Carbon.framework/Versions/A/Frameworks/SecurityHI.framework/Versions/A/SecurityHI
0x0000000126f28000 	/private/var/folders/fq/9jgs2z1x7lg622dvf3rjvz3h0000gn/T/bluecove_fscozzafava_0/libbluecove.jnilib

VM Arguments:
jvm_args: -Dfile.encoding=UTF-8 
java_command: WRLImpl
java_class_path (initial): /Users/fscozzafava/Desktop/workspace/WiiRemote/bin:/Users/fscozzafava/Desktop/workspace/WiiRemote/lib/WiiRemoteJ.jar:/Users/fscozzafava/Desktop/workspace/WiiRemote/lib/bluecove-2.1.1.jar
Launcher Type: SUN_STANDARD

Environment Variables:
PATH=/usr/bin:/bin:/usr/sbin:/sbin
SHELL=/bin/bash

Signal Handlers:
SIGSEGV: [libjvm.dylib+0x5a68c5], sa_mask[0]=11111111011111110111111111111111, sa_flags=SA_ONSTACK|SA_RESTART|SA_SIGINFO
SIGBUS: [libjvm.dylib+0x5a68c5], sa_mask[0]=11111111011111110111111111111111, sa_flags=SA_RESTART|SA_SIGINFO
SIGFPE: [libjvm.dylib+0x4805d4], sa_mask[0]=11111111011111110111111111111111, sa_flags=SA_RESTART|SA_SIGINFO
SIGPIPE: [libjvm.dylib+0x4805d4], sa_mask[0]=11111111011111110111111111111111, sa_flags=SA_RESTART|SA_SIGINFO
SIGXFSZ: [libjvm.dylib+0x4805d4], sa_mask[0]=11111111011111110111111111111111, sa_flags=SA_RESTART|SA_SIGINFO
SIGILL: [libjvm.dylib+0x4805d4], sa_mask[0]=11111111011111110111111111111111, sa_flags=SA_RESTART|SA_SIGINFO
SIGUSR1: SIG_DFL, sa_mask[0]=00000000000000000000000000000000, sa_flags=none
SIGUSR2: [libjvm.dylib+0x4800f2], sa_mask[0]=00100000000000000000000000000000, sa_flags=SA_RESTART|SA_SIGINFO
SIGHUP: [libjvm.dylib+0x47e6c9], sa_mask[0]=11111111011111110111111111111111, sa_flags=SA_RESTART|SA_SIGINFO
SIGINT: [libjvm.dylib+0x47e6c9], sa_mask[0]=11111111011111110111111111111111, sa_flags=SA_RESTART|SA_SIGINFO
SIGTERM: [libjvm.dylib+0x47e6c9], sa_mask[0]=11111111011111110111111111111111, sa_flags=SA_RESTART|SA_SIGINFO
SIGQUIT: [libjvm.dylib+0x47e6c9], sa_mask[0]=11111111011111110111111111111111, sa_flags=SA_RESTART|SA_SIGINFO


---------------  S Y S T E M  ---------------

OS:Bsduname:Darwin 15.3.0 Darwin Kernel Version 15.3.0: Thu Dec 10 18:40:58 PST 2015; root:xnu-3248.30.4~1/RELEASE_X86_64 x86_64
rlimit: STACK 8192k, CORE 0k, NPROC 709, NOFILE 10240, AS infinity
load average:1.70 1.98 1.83

CPU:total 8 (4 cores per cpu, 2 threads per core) family 6 model 60 stepping 3, cmov, cx8, fxsr, mmx, sse, sse2, sse3, ssse3, sse4.1, sse4.2, popcnt, avx, avx2, aes, clmul, erms, rtm, lzcnt, ht, tsc, tscinvbit, bmi1, bmi2

Memory: 4k page, physical 16777216k(2570608k free)

/proc/meminfo:


vm_info: Java HotSpot(TM) 64-Bit Server VM (25.71-b15) for bsd-amd64 JRE (1.8.0_71-b15), built on Dec 22 2015 15:11:44 by "java_re" with gcc 4.2.1 (Based on Apple Inc. build 5658) (LLVM build 2336.11.00)

time: Sun Feb 21 19:14:57 2016
elapsed time: 0 seconds (0d 0h 0m 0s)

